make[2]: ***  Nessuna regola per generare l'obiettivo "CMakeFiles/high_level_controller.dir/build".  Arresto.
make[1]: *** [CMakeFiles/high_level_controller.dir/all] Errore 2
make[1]: *** Attesa per i processi non terminati....
make: *** [all] Errore 2
