[01m[K/home/emanuele/ethz_ws/src/rotors_simulator/rotors_control/src/nodes/high_level_controller.cpp:[m[K In function â€˜[01m[Kint main(int, char**)[m[Kâ€™:
[01m[K/home/emanuele/ethz_ws/src/rotors_simulator/rotors_control/src/nodes/high_level_controller.cpp:187:43:[m[K [01;31m[Kerror: [m[Kâ€˜[01m[Kprev_Z_cmd[m[Kâ€™ was not declared in this scope
     if(abs(prev_Z - pos[2]) < 0.01 && abs(prev_Z_cmd - pos[2]) < 0.4)
[01;32m[K                                           ^[m[K
[01m[K/home/emanuele/ethz_ws/src/rotors_simulator/rotors_control/src/nodes/high_level_controller.cpp:212:4:[m[K [01;31m[Kerror: [m[Kâ€˜[01m[Kprev_Z_cmd[m[Kâ€™ was not declared in this scope
    prev_Z_cmd = pos_msg.pose.position.z;
[01;32m[K    ^[m[K
make[2]: *** [CMakeFiles/high_level_controller.dir/src/nodes/high_level_controller.cpp.o] Errore 1
make[1]: *** [CMakeFiles/high_level_controller.dir/all] Errore 2
make: *** [all] Errore 2
