[01m[K/home/emanuele/ethz_ws/src/rotors_simulator/rotors_control/src/nodes/high_level_roll_thrust_controller.cpp:[m[K In function â€˜[01m[Kvoid StateMachine()[m[Kâ€™:
[01m[K/home/emanuele/ethz_ws/src/rotors_simulator/rotors_control/src/nodes/high_level_roll_thrust_controller.cpp:330:7:[m[K [01;31m[Kerror: [m[Kâ€˜[01m[Ksliding[m[Kâ€™ was not declared in this scope
   if(!sliding)
[01;32m[K       ^[m[K
make[2]: *** [CMakeFiles/high_level_roll_thrust_controller.dir/src/nodes/high_level_roll_thrust_controller.cpp.o] Errore 1
make[1]: *** [CMakeFiles/high_level_roll_thrust_controller.dir/all] Errore 2
make: *** [all] Errore 2
