[01m[K/home/emanuele/ethz_ws/src/rotors_simulator/rotors_control/src/nodes/high_level_roll_thrust_controller.cpp:[m[K In function â€˜[01m[Kvoid StateMachine()[m[Kâ€™:
[01m[K/home/emanuele/ethz_ws/src/rotors_simulator/rotors_control/src/nodes/high_level_roll_thrust_controller.cpp:331:47:[m[K [01;31m[Kerror: [m[Kâ€˜[01m[KMAX_VERTICAL_FORCE_THRESHOL[m[Kâ€™ was not declared in this scope
   int scaling = fabs(ft_filtered_msg.force.z)/MAX_VERTICAL_FORCE_THRESHOL;
[01;32m[K                                               ^[m[K
make[2]: *** [CMakeFiles/high_level_roll_thrust_controller.dir/src/nodes/high_level_roll_thrust_controller.cpp.o] Errore 1
make[1]: *** [CMakeFiles/high_level_roll_thrust_controller.dir/all] Errore 2
make: *** [all] Errore 2
