[01m[K/home/emanuele/ethz_ws/src/rotors_simulator/rotors_control/src/nodes/high_level_controller.cpp:[m[K In function â€˜[01m[Kvoid fly_push()[m[Kâ€™:
[01m[K/home/emanuele/ethz_ws/src/rotors_simulator/rotors_control/src/nodes/high_level_controller.cpp:160:12:[m[K [01;31m[Kerror: [m[Kâ€˜[01m[Ks[m[Kâ€™ was not declared in this scope
   effort++;s 
[01;32m[K            ^[m[K
make[2]: *** [CMakeFiles/high_level_controller.dir/src/nodes/high_level_controller.cpp.o] Errore 1
make[1]: *** [CMakeFiles/high_level_controller.dir/all] Errore 2
make: *** [all] Errore 2
